mode: atomic
github.com/starfishlabs/oasis-evm-web3-gateway/server/json_rpc.go:55.104,58.2 2 8
github.com/starfishlabs/oasis-evm-web3-gateway/server/json_rpc.go:62.65,66.2 3 8
github.com/starfishlabs/oasis-evm-web3-gateway/server/json_rpc.go:69.98,70.54 1 4
github.com/starfishlabs/oasis-evm-web3-gateway/server/json_rpc.go:70.54,71.33 1 0
github.com/starfishlabs/oasis-evm-web3-gateway/server/json_rpc.go:76.3,76.34 1 0
github.com/starfishlabs/oasis-evm-web3-gateway/server/json_rpc.go:82.3,82.31 1 0
github.com/starfishlabs/oasis-evm-web3-gateway/server/json_rpc.go:71.33,74.4 2 0
github.com/starfishlabs/oasis-evm-web3-gateway/server/json_rpc.go:76.34,77.37 1 0
github.com/starfishlabs/oasis-evm-web3-gateway/server/json_rpc.go:77.37,80.5 2 0
github.com/starfishlabs/oasis-evm-web3-gateway/server/json_rpc.go:87.36,88.22 1 8
github.com/starfishlabs/oasis-evm-web3-gateway/server/json_rpc.go:94.2,95.40 2 8
github.com/starfishlabs/oasis-evm-web3-gateway/server/json_rpc.go:103.2,104.16 2 8
github.com/starfishlabs/oasis-evm-web3-gateway/server/json_rpc.go:110.2,112.17 2 8
github.com/starfishlabs/oasis-evm-web3-gateway/server/json_rpc.go:126.2,132.12 2 8
github.com/starfishlabs/oasis-evm-web3-gateway/server/json_rpc.go:88.22,91.3 2 0
github.com/starfishlabs/oasis-evm-web3-gateway/server/json_rpc.go:95.40,100.3 4 8
github.com/starfishlabs/oasis-evm-web3-gateway/server/json_rpc.go:104.16,107.3 2 0
github.com/starfishlabs/oasis-evm-web3-gateway/server/json_rpc.go:112.17,115.17 3 8
github.com/starfishlabs/oasis-evm-web3-gateway/server/json_rpc.go:119.3,120.17 2 8
github.com/starfishlabs/oasis-evm-web3-gateway/server/json_rpc.go:115.17,118.4 2 0
github.com/starfishlabs/oasis-evm-web3-gateway/server/json_rpc.go:120.17,123.4 2 0
github.com/starfishlabs/oasis-evm-web3-gateway/server/json_rpc.go:136.46,137.16 1 8
github.com/starfishlabs/oasis-evm-web3-gateway/server/json_rpc.go:140.2,140.20 1 8
github.com/starfishlabs/oasis-evm-web3-gateway/server/json_rpc.go:143.2,143.37 1 8
github.com/starfishlabs/oasis-evm-web3-gateway/server/json_rpc.go:149.2,149.12 1 8
github.com/starfishlabs/oasis-evm-web3-gateway/server/json_rpc.go:137.16,139.3 1 0
github.com/starfishlabs/oasis-evm-web3-gateway/server/json_rpc.go:140.20,142.3 1 0
github.com/starfishlabs/oasis-evm-web3-gateway/server/json_rpc.go:143.37,148.3 1 0
github.com/starfishlabs/oasis-evm-web3-gateway/server/json_rpc.go:153.29,154.49 1 0
github.com/starfishlabs/oasis-evm-web3-gateway/server/json_rpc.go:157.2,157.62 1 0
github.com/starfishlabs/oasis-evm-web3-gateway/server/json_rpc.go:154.49,156.3 1 0
github.com/starfishlabs/oasis-evm-web3-gateway/server/json_rpc.go:161.101,164.71 2 4
github.com/starfishlabs/oasis-evm-web3-gateway/server/json_rpc.go:167.2,176.12 7 4
github.com/starfishlabs/oasis-evm-web3-gateway/server/json_rpc.go:164.71,166.3 1 0
github.com/starfishlabs/oasis-evm-web3-gateway/server/json_rpc.go:180.70,183.71 2 4
github.com/starfishlabs/oasis-evm-web3-gateway/server/json_rpc.go:186.2,193.12 6 4
github.com/starfishlabs/oasis-evm-web3-gateway/server/json_rpc.go:183.71,185.3 1 0
github.com/starfishlabs/oasis-evm-web3-gateway/server/json_rpc.go:196.77,198.30 1 4
github.com/starfishlabs/oasis-evm-web3-gateway/server/json_rpc.go:201.2,207.23 2 0
github.com/starfishlabs/oasis-evm-web3-gateway/server/json_rpc.go:198.30,200.3 1 4
github.com/starfishlabs/oasis-evm-web3-gateway/server/json_rpc.go:211.92,214.33 2 8
github.com/starfishlabs/oasis-evm-web3-gateway/server/json_rpc.go:218.2,218.27 1 8
github.com/starfishlabs/oasis-evm-web3-gateway/server/json_rpc.go:225.2,225.12 1 8
github.com/starfishlabs/oasis-evm-web3-gateway/server/json_rpc.go:214.33,216.3 1 32
github.com/starfishlabs/oasis-evm-web3-gateway/server/json_rpc.go:218.27,219.83 1 0
github.com/starfishlabs/oasis-evm-web3-gateway/server/json_rpc.go:219.83,220.71 1 0
github.com/starfishlabs/oasis-evm-web3-gateway/server/json_rpc.go:220.71,222.5 1 0
github.com/starfishlabs/oasis-evm-web3-gateway/server/json_rpc.go:229.48,230.40 1 8
github.com/starfishlabs/oasis-evm-web3-gateway/server/json_rpc.go:233.2,233.41 1 8
github.com/starfishlabs/oasis-evm-web3-gateway/server/json_rpc.go:236.2,236.40 1 8
github.com/starfishlabs/oasis-evm-web3-gateway/server/json_rpc.go:230.40,232.3 1 0
github.com/starfishlabs/oasis-evm-web3-gateway/server/json_rpc.go:233.41,235.3 1 0
github.com/starfishlabs/oasis-evm-web3-gateway/server/json_rpc.go:236.40,238.3 1 0
github.com/starfishlabs/oasis-evm-web3-gateway/server/server.go:30.32,32.2 1 0
github.com/starfishlabs/oasis-evm-web3-gateway/server/server.go:34.25,36.2 1 0
github.com/starfishlabs/oasis-evm-web3-gateway/server/server.go:38.32,40.2 1 0
github.com/starfishlabs/oasis-evm-web3-gateway/server/server.go:70.63,72.16 2 8
github.com/starfishlabs/oasis-evm-web3-gateway/server/server.go:83.2,83.17 1 8
github.com/starfishlabs/oasis-evm-web3-gateway/server/server.go:72.16,73.22 1 0
github.com/starfishlabs/oasis-evm-web3-gateway/server/server.go:76.3,76.22 1 0
github.com/starfishlabs/oasis-evm-web3-gateway/server/server.go:79.3,79.23 1 0
github.com/starfishlabs/oasis-evm-web3-gateway/server/server.go:73.22,75.4 1 0
github.com/starfishlabs/oasis-evm-web3-gateway/server/server.go:76.22,78.4 1 0
github.com/starfishlabs/oasis-evm-web3-gateway/server/server.go:79.23,81.4 1 0
github.com/starfishlabs/oasis-evm-web3-gateway/server/server.go:87.79,88.17 1 4
github.com/starfishlabs/oasis-evm-web3-gateway/server/server.go:92.2,99.69 2 4
github.com/starfishlabs/oasis-evm-web3-gateway/server/server.go:102.2,102.72 1 4
github.com/starfishlabs/oasis-evm-web3-gateway/server/server.go:107.2,107.22 1 4
github.com/starfishlabs/oasis-evm-web3-gateway/server/server.go:110.2,110.20 1 4
github.com/starfishlabs/oasis-evm-web3-gateway/server/server.go:114.2,114.20 1 4
github.com/starfishlabs/oasis-evm-web3-gateway/server/server.go:88.17,90.3 1 0
github.com/starfishlabs/oasis-evm-web3-gateway/server/server.go:99.69,101.3 1 0
github.com/starfishlabs/oasis-evm-web3-gateway/server/server.go:102.72,104.3 1 0
github.com/starfishlabs/oasis-evm-web3-gateway/server/server.go:107.22,109.3 1 4
github.com/starfishlabs/oasis-evm-web3-gateway/server/server.go:110.20,112.3 1 4
github.com/starfishlabs/oasis-evm-web3-gateway/server/server.go:118.39,123.19 4 4
github.com/starfishlabs/oasis-evm-web3-gateway/server/server.go:131.2,134.16 3 4
github.com/starfishlabs/oasis-evm-web3-gateway/server/server.go:137.2,140.16 2 4
github.com/starfishlabs/oasis-evm-web3-gateway/server/server.go:144.2,144.12 1 4
github.com/starfishlabs/oasis-evm-web3-gateway/server/server.go:124.20,126.26 2 0
github.com/starfishlabs/oasis-evm-web3-gateway/server/server.go:127.19,129.26 2 0
github.com/starfishlabs/oasis-evm-web3-gateway/server/server.go:134.16,136.3 1 0
github.com/starfishlabs/oasis-evm-web3-gateway/server/server.go:140.16,143.3 2 0
github.com/starfishlabs/oasis-evm-web3-gateway/server/server.go:149.39,156.15 6 4
github.com/starfishlabs/oasis-evm-web3-gateway/server/server.go:157.25,159.26 1 0
github.com/starfishlabs/oasis-evm-web3-gateway/server/server.go:160.20,163.27 2 4
github.com/starfishlabs/oasis-evm-web3-gateway/server/server.go:164.19,165.26 1 0
github.com/starfishlabs/oasis-evm-web3-gateway/server/server.go:166.10,167.61 1 0
github.com/starfishlabs/oasis-evm-web3-gateway/server/server.go:172.53,177.19 2 4
github.com/starfishlabs/oasis-evm-web3-gateway/server/server.go:178.9,179.13 1 4
github.com/starfishlabs/oasis-evm-web3-gateway/server/server.go:180.9,181.17 1 0
github.com/starfishlabs/oasis-evm-web3-gateway/server/server.go:182.10,183.32 1 0
github.com/starfishlabs/oasis-evm-web3-gateway/server/server.go:188.42,190.28 1 4
github.com/starfishlabs/oasis-evm-web3-gateway/server/server.go:206.2,206.26 1 4
github.com/starfishlabs/oasis-evm-web3-gateway/server/server.go:220.2,220.41 1 4
github.com/starfishlabs/oasis-evm-web3-gateway/server/server.go:223.2,223.23 1 4
github.com/starfishlabs/oasis-evm-web3-gateway/server/server.go:190.28,197.92 2 4
github.com/starfishlabs/oasis-evm-web3-gateway/server/server.go:200.3,200.83 1 4
github.com/starfishlabs/oasis-evm-web3-gateway/server/server.go:197.92,199.4 1 0
github.com/starfishlabs/oasis-evm-web3-gateway/server/server.go:200.83,202.4 1 0
github.com/starfishlabs/oasis-evm-web3-gateway/server/server.go:206.26,212.86 2 4
github.com/starfishlabs/oasis-evm-web3-gateway/server/server.go:215.3,215.62 1 4
github.com/starfishlabs/oasis-evm-web3-gateway/server/server.go:212.86,214.4 1 0
github.com/starfishlabs/oasis-evm-web3-gateway/server/server.go:215.62,217.4 1 0
github.com/starfishlabs/oasis-evm-web3-gateway/server/server.go:220.41,222.3 1 0
github.com/starfishlabs/oasis-evm-web3-gateway/server/server.go:226.35,229.2 2 0
github.com/starfishlabs/oasis-evm-web3-gateway/server/server.go:232.32,234.2 1 0
github.com/starfishlabs/oasis-evm-web3-gateway/server/server.go:237.54,241.36 3 0
github.com/starfishlabs/oasis-evm-web3-gateway/server/server.go:244.2,244.44 1 0
github.com/starfishlabs/oasis-evm-web3-gateway/server/server.go:241.36,242.57 1 0
github.com/starfishlabs/oasis-evm-web3-gateway/server/server.go:248.68,252.36 3 0
github.com/starfishlabs/oasis-evm-web3-gateway/server/server.go:255.2,255.56 1 0
github.com/starfishlabs/oasis-evm-web3-gateway/server/server.go:252.36,253.57 1 0
github.com/starfishlabs/oasis-evm-web3-gateway/server/server.go:259.59,260.21 1 0
github.com/starfishlabs/oasis-evm-web3-gateway/server/server.go:263.2,263.57 1 0
github.com/starfishlabs/oasis-evm-web3-gateway/server/server.go:260.21,262.3 1 0
github.com/starfishlabs/oasis-evm-web3-gateway/server/server.go:267.57,268.19 1 0
github.com/starfishlabs/oasis-evm-web3-gateway/server/server.go:271.2,271.53 1 0
github.com/starfishlabs/oasis-evm-web3-gateway/server/server.go:268.19,270.3 1 0
github.com/starfishlabs/oasis-evm-web3-gateway/tests/config.go:12.36,16.2 2 0
github.com/starfishlabs/oasis-evm-web3-gateway/tests/config.go:19.23,21.16 2 0
github.com/starfishlabs/oasis-evm-web3-gateway/tests/config.go:21.16,23.3 1 0
github.com/starfishlabs/oasis-evm-web3-gateway/tests/keys.go:22.47,42.2 10 3
github.com/starfishlabs/oasis-evm-web3-gateway/storage/psql/psql.go:27.77,28.16 1 1
github.com/starfishlabs/oasis-evm-web3-gateway/storage/psql/psql.go:32.2,45.23 4 1
github.com/starfishlabs/oasis-evm-web3-gateway/storage/psql/psql.go:48.2,56.16 5 1
github.com/starfishlabs/oasis-evm-web3-gateway/storage/psql/psql.go:60.2,60.29 1 1
github.com/starfishlabs/oasis-evm-web3-gateway/storage/psql/psql.go:28.16,30.3 1 0
github.com/starfishlabs/oasis-evm-web3-gateway/storage/psql/psql.go:45.23,47.3 1 1
github.com/starfishlabs/oasis-evm-web3-gateway/storage/psql/psql.go:56.16,58.3 1 0
github.com/starfishlabs/oasis-evm-web3-gateway/storage/psql/psql.go:64.104,67.16 3 1
github.com/starfishlabs/oasis-evm-web3-gateway/storage/psql/psql.go:71.2,71.16 1 1
github.com/starfishlabs/oasis-evm-web3-gateway/storage/psql/psql.go:67.16,69.3 1 0
github.com/starfishlabs/oasis-evm-web3-gateway/storage/psql/psql.go:75.96,78.16 3 1
github.com/starfishlabs/oasis-evm-web3-gateway/storage/psql/psql.go:82.2,82.16 1 1
github.com/starfishlabs/oasis-evm-web3-gateway/storage/psql/psql.go:78.16,80.3 1 0
github.com/starfishlabs/oasis-evm-web3-gateway/storage/psql/psql.go:86.78,90.30 4 11
github.com/starfishlabs/oasis-evm-web3-gateway/storage/psql/psql.go:93.2,98.12 2 11
github.com/starfishlabs/oasis-evm-web3-gateway/storage/psql/psql.go:90.30,92.3 1 11
github.com/starfishlabs/oasis-evm-web3-gateway/storage/psql/psql.go:102.78,103.32 1 11
github.com/starfishlabs/oasis-evm-web3-gateway/storage/psql/psql.go:112.2,112.8 1 11
github.com/starfishlabs/oasis-evm-web3-gateway/storage/psql/psql.go:104.21,105.25 1 0
github.com/starfishlabs/oasis-evm-web3-gateway/storage/psql/psql.go:108.19,109.36 1 11
github.com/starfishlabs/oasis-evm-web3-gateway/storage/psql/psql.go:105.25,107.4 1 0
github.com/starfishlabs/oasis-evm-web3-gateway/storage/psql/psql.go:116.72,118.2 1 11
github.com/starfishlabs/oasis-evm-web3-gateway/storage/psql/psql.go:121.86,124.2 2 1
github.com/starfishlabs/oasis-evm-web3-gateway/storage/psql/psql.go:127.83,130.16 3 1
github.com/starfishlabs/oasis-evm-web3-gateway/storage/psql/psql.go:134.2,134.25 1 1
github.com/starfishlabs/oasis-evm-web3-gateway/storage/psql/psql.go:130.16,132.3 1 0
github.com/starfishlabs/oasis-evm-web3-gateway/storage/psql/psql.go:138.83,141.16 3 1
github.com/starfishlabs/oasis-evm-web3-gateway/storage/psql/psql.go:145.2,145.24 1 1
github.com/starfishlabs/oasis-evm-web3-gateway/storage/psql/psql.go:141.16,143.3 1 0
github.com/starfishlabs/oasis-evm-web3-gateway/storage/psql/psql.go:149.75,152.16 3 1
github.com/starfishlabs/oasis-evm-web3-gateway/storage/psql/psql.go:156.2,156.24 1 1
github.com/starfishlabs/oasis-evm-web3-gateway/storage/psql/psql.go:152.16,154.3 1 0
github.com/starfishlabs/oasis-evm-web3-gateway/storage/psql/psql.go:160.76,163.16 3 3
github.com/starfishlabs/oasis-evm-web3-gateway/storage/psql/psql.go:170.2,170.32 1 3
github.com/starfishlabs/oasis-evm-web3-gateway/storage/psql/psql.go:163.16,164.36 1 0
github.com/starfishlabs/oasis-evm-web3-gateway/storage/psql/psql.go:167.3,167.16 1 0
github.com/starfishlabs/oasis-evm-web3-gateway/storage/psql/psql.go:164.36,166.4 1 0
github.com/starfishlabs/oasis-evm-web3-gateway/storage/psql/psql.go:174.77,177.16 3 0
github.com/starfishlabs/oasis-evm-web3-gateway/storage/psql/psql.go:184.2,184.33 1 0
github.com/starfishlabs/oasis-evm-web3-gateway/storage/psql/psql.go:177.16,178.36 1 0
github.com/starfishlabs/oasis-evm-web3-gateway/storage/psql/psql.go:181.3,181.16 1 0
github.com/starfishlabs/oasis-evm-web3-gateway/storage/psql/psql.go:178.36,180.4 1 0
github.com/starfishlabs/oasis-evm-web3-gateway/storage/psql/psql.go:188.77,191.16 3 0
github.com/starfishlabs/oasis-evm-web3-gateway/storage/psql/psql.go:195.2,195.25 1 0
github.com/starfishlabs/oasis-evm-web3-gateway/storage/psql/psql.go:191.16,193.3 1 0
github.com/starfishlabs/oasis-evm-web3-gateway/storage/psql/psql.go:199.95,202.16 3 0
github.com/starfishlabs/oasis-evm-web3-gateway/storage/psql/psql.go:206.2,206.17 1 0
github.com/starfishlabs/oasis-evm-web3-gateway/storage/psql/psql.go:202.16,204.3 1 0
github.com/starfishlabs/oasis-evm-web3-gateway/storage/psql/psql.go:210.93,213.16 3 0
github.com/starfishlabs/oasis-evm-web3-gateway/storage/psql/psql.go:217.2,217.19 1 0
github.com/starfishlabs/oasis-evm-web3-gateway/storage/psql/psql.go:213.16,215.3 1 0
github.com/starfishlabs/oasis-evm-web3-gateway/storage/psql/psql.go:221.100,224.16 3 0
github.com/starfishlabs/oasis-evm-web3-gateway/storage/psql/psql.go:228.2,228.37 1 0
github.com/starfishlabs/oasis-evm-web3-gateway/storage/psql/psql.go:224.16,226.3 1 0
github.com/starfishlabs/oasis-evm-web3-gateway/storage/psql/psql.go:232.102,235.16 3 0
github.com/starfishlabs/oasis-evm-web3-gateway/storage/psql/psql.go:239.2,239.37 1 0
github.com/starfishlabs/oasis-evm-web3-gateway/storage/psql/psql.go:235.16,237.3 1 0
github.com/starfishlabs/oasis-evm-web3-gateway/storage/psql/psql.go:243.119,246.16 3 0
github.com/starfishlabs/oasis-evm-web3-gateway/storage/psql/psql.go:249.2,249.34 1 0
github.com/starfishlabs/oasis-evm-web3-gateway/storage/psql/psql.go:252.2,252.41 1 0
github.com/starfishlabs/oasis-evm-web3-gateway/storage/psql/psql.go:256.2,256.41 1 0
github.com/starfishlabs/oasis-evm-web3-gateway/storage/psql/psql.go:246.16,248.3 1 0
github.com/starfishlabs/oasis-evm-web3-gateway/storage/psql/psql.go:249.34,251.3 1 0
github.com/starfishlabs/oasis-evm-web3-gateway/storage/psql/psql.go:252.41,254.3 1 0
github.com/starfishlabs/oasis-evm-web3-gateway/storage/psql/psql.go:260.101,263.16 3 0
github.com/starfishlabs/oasis-evm-web3-gateway/storage/psql/psql.go:267.2,267.21 1 0
github.com/starfishlabs/oasis-evm-web3-gateway/storage/psql/psql.go:263.16,265.3 1 0
github.com/starfishlabs/oasis-evm-web3-gateway/storage/psql/psql.go:271.99,276.16 3 0
github.com/starfishlabs/oasis-evm-web3-gateway/storage/psql/psql.go:280.2,280.18 1 0
github.com/starfishlabs/oasis-evm-web3-gateway/storage/psql/psql.go:276.16,278.3 1 0
github.com/starfishlabs/oasis-evm-web3-gateway/storage/psql/psql.go:283.52,286.2 2 0
github.com/starfishlabs/oasis-evm-web3-gateway/storage/psql/psql.go:291.95,293.9 2 0
github.com/starfishlabs/oasis-evm-web3-gateway/storage/psql/psql.go:296.2,296.74 1 0
github.com/starfishlabs/oasis-evm-web3-gateway/storage/psql/psql.go:293.9,295.3 1 0
github.com/starfishlabs/oasis-evm-web3-gateway/storage/psql/psql.go:296.74,299.3 2 0
github.com/starfishlabs/oasis-evm-web3-gateway/rpc/eth/api.go:32.59,36.2 3 1
github.com/starfishlabs/oasis-evm-web3-gateway/rpc/eth/api.go:72.14,81.2 1 0
github.com/starfishlabs/oasis-evm-web3-gateway/rpc/eth/api.go:84.66,85.16 1 0
github.com/starfishlabs/oasis-evm-web3-gateway/rpc/eth/api.go:88.2,88.35 1 0
github.com/starfishlabs/oasis-evm-web3-gateway/rpc/eth/api.go:94.2,95.25 2 0
github.com/starfishlabs/oasis-evm-web3-gateway/rpc/eth/api.go:85.16,87.3 1 0
github.com/starfishlabs/oasis-evm-web3-gateway/rpc/eth/api.go:88.35,93.3 2 0
github.com/starfishlabs/oasis-evm-web3-gateway/rpc/eth/api.go:99.115,100.18 1 0
github.com/starfishlabs/oasis-evm-web3-gateway/rpc/eth/api.go:101.33,103.33 1 0
github.com/starfishlabs/oasis-evm-web3-gateway/rpc/eth/api.go:104.32,105.33 1 0
github.com/starfishlabs/oasis-evm-web3-gateway/rpc/eth/api.go:106.34,109.17 3 0
github.com/starfishlabs/oasis-evm-web3-gateway/rpc/eth/api.go:113.3,114.17 2 0
github.com/starfishlabs/oasis-evm-web3-gateway/rpc/eth/api.go:118.3,118.37 1 0
github.com/starfishlabs/oasis-evm-web3-gateway/rpc/eth/api.go:123.3,123.23 1 0
github.com/starfishlabs/oasis-evm-web3-gateway/rpc/eth/api.go:124.10,125.26 1 0
github.com/starfishlabs/oasis-evm-web3-gateway/rpc/eth/api.go:130.3,130.31 1 0
github.com/starfishlabs/oasis-evm-web3-gateway/rpc/eth/api.go:109.17,112.4 2 0
github.com/starfishlabs/oasis-evm-web3-gateway/rpc/eth/api.go:114.17,117.4 2 0
github.com/starfishlabs/oasis-evm-web3-gateway/rpc/eth/api.go:118.37,120.4 1 0
github.com/starfishlabs/oasis-evm-web3-gateway/rpc/eth/api.go:120.9,122.4 1 0
github.com/starfishlabs/oasis-evm-web3-gateway/rpc/eth/api.go:125.26,128.4 2 0
github.com/starfishlabs/oasis-evm-web3-gateway/rpc/eth/api.go:135.114,140.16 4 0
github.com/starfishlabs/oasis-evm-web3-gateway/rpc/eth/api.go:144.2,145.16 2 0
github.com/starfishlabs/oasis-evm-web3-gateway/rpc/eth/api.go:149.2,149.50 1 0
github.com/starfishlabs/oasis-evm-web3-gateway/rpc/eth/api.go:140.16,142.3 1 0
github.com/starfishlabs/oasis-evm-web3-gateway/rpc/eth/api.go:145.16,147.3 1 0
github.com/starfishlabs/oasis-evm-web3-gateway/rpc/eth/api.go:153.107,158.16 4 0
github.com/starfishlabs/oasis-evm-web3-gateway/rpc/eth/api.go:161.2,162.16 2 0
github.com/starfishlabs/oasis-evm-web3-gateway/rpc/eth/api.go:166.2,166.29 1 0
github.com/starfishlabs/oasis-evm-web3-gateway/rpc/eth/api.go:158.16,160.3 1 0
github.com/starfishlabs/oasis-evm-web3-gateway/rpc/eth/api.go:162.16,164.3 1 0
github.com/starfishlabs/oasis-evm-web3-gateway/rpc/eth/api.go:169.132,174.16 4 0
github.com/starfishlabs/oasis-evm-web3-gateway/rpc/eth/api.go:178.2,184.16 5 0
github.com/starfishlabs/oasis-evm-web3-gateway/rpc/eth/api.go:189.2,191.35 3 0
github.com/starfishlabs/oasis-evm-web3-gateway/rpc/eth/api.go:174.16,176.3 1 0
github.com/starfishlabs/oasis-evm-web3-gateway/rpc/eth/api.go:184.16,187.3 2 0
github.com/starfishlabs/oasis-evm-web3-gateway/rpc/eth/api.go:195.109,201.16 5 0
github.com/starfishlabs/oasis-evm-web3-gateway/rpc/eth/api.go:204.2,205.16 2 0
github.com/starfishlabs/oasis-evm-web3-gateway/rpc/eth/api.go:210.2,210.44 1 0
github.com/starfishlabs/oasis-evm-web3-gateway/rpc/eth/api.go:201.16,203.3 1 0
github.com/starfishlabs/oasis-evm-web3-gateway/rpc/eth/api.go:205.16,208.3 2 0
github.com/starfishlabs/oasis-evm-web3-gateway/rpc/eth/api.go:215.55,219.2 3 0
github.com/starfishlabs/oasis-evm-web3-gateway/rpc/eth/api.go:222.56,228.16 5 0
github.com/starfishlabs/oasis-evm-web3-gateway/rpc/eth/api.go:232.2,233.50 2 0
github.com/starfishlabs/oasis-evm-web3-gateway/rpc/eth/api.go:228.16,231.3 2 0
github.com/starfishlabs/oasis-evm-web3-gateway/rpc/eth/api.go:237.99,242.16 4 0
github.com/starfishlabs/oasis-evm-web3-gateway/rpc/eth/api.go:246.2,246.29 1 0
github.com/starfishlabs/oasis-evm-web3-gateway/rpc/eth/api.go:242.16,244.3 1 0
github.com/starfishlabs/oasis-evm-web3-gateway/rpc/eth/api.go:250.121,258.16 6 0
github.com/starfishlabs/oasis-evm-web3-gateway/rpc/eth/api.go:261.2,262.16 2 0
github.com/starfishlabs/oasis-evm-web3-gateway/rpc/eth/api.go:267.2,267.39 1 0
github.com/starfishlabs/oasis-evm-web3-gateway/rpc/eth/api.go:258.16,260.3 1 0
github.com/starfishlabs/oasis-evm-web3-gateway/rpc/eth/api.go:262.16,265.3 2 0
github.com/starfishlabs/oasis-evm-web3-gateway/rpc/eth/api.go:271.107,277.16 5 0
github.com/starfishlabs/oasis-evm-web3-gateway/rpc/eth/api.go:280.2,281.16 2 0
github.com/starfishlabs/oasis-evm-web3-gateway/rpc/eth/api.go:286.2,286.17 1 0
github.com/starfishlabs/oasis-evm-web3-gateway/rpc/eth/api.go:277.16,279.3 1 0
github.com/starfishlabs/oasis-evm-web3-gateway/rpc/eth/api.go:281.16,284.3 2 0
github.com/starfishlabs/oasis-evm-web3-gateway/rpc/eth/api.go:295.47,297.2 1 0
github.com/starfishlabs/oasis-evm-web3-gateway/rpc/eth/api.go:300.68,308.16 5 0
github.com/starfishlabs/oasis-evm-web3-gateway/rpc/eth/api.go:314.2,319.3 2 0
github.com/starfishlabs/oasis-evm-web3-gateway/rpc/eth/api.go:308.16,313.3 2 0
github.com/starfishlabs/oasis-evm-web3-gateway/rpc/eth/api.go:324.132,336.16 5 0
github.com/starfishlabs/oasis-evm-web3-gateway/rpc/eth/api.go:340.2,340.20 1 0
github.com/starfishlabs/oasis-evm-web3-gateway/rpc/eth/api.go:343.2,343.26 1 0
github.com/starfishlabs/oasis-evm-web3-gateway/rpc/eth/api.go:346.2,346.21 1 0
github.com/starfishlabs/oasis-evm-web3-gateway/rpc/eth/api.go:349.2,349.23 1 0
github.com/starfishlabs/oasis-evm-web3-gateway/rpc/eth/api.go:352.2,352.22 1 0
github.com/starfishlabs/oasis-evm-web3-gateway/rpc/eth/api.go:355.2,355.22 1 0
github.com/starfishlabs/oasis-evm-web3-gateway/rpc/eth/api.go:359.2,369.16 2 0
github.com/starfishlabs/oasis-evm-web3-gateway/rpc/eth/api.go:379.2,381.17 2 0
github.com/starfishlabs/oasis-evm-web3-gateway/rpc/eth/api.go:336.16,338.3 1 0
github.com/starfishlabs/oasis-evm-web3-gateway/rpc/eth/api.go:340.20,342.3 1 0
github.com/starfishlabs/oasis-evm-web3-gateway/rpc/eth/api.go:343.26,345.3 1 0
github.com/starfishlabs/oasis-evm-web3-gateway/rpc/eth/api.go:346.21,348.3 1 0
github.com/starfishlabs/oasis-evm-web3-gateway/rpc/eth/api.go:349.23,351.3 1 0
github.com/starfishlabs/oasis-evm-web3-gateway/rpc/eth/api.go:352.22,354.3 1 0
github.com/starfishlabs/oasis-evm-web3-gateway/rpc/eth/api.go:355.22,357.3 1 0
github.com/starfishlabs/oasis-evm-web3-gateway/rpc/eth/api.go:369.16,370.56 1 0
github.com/starfishlabs/oasis-evm-web3-gateway/rpc/eth/api.go:375.3,376.18 2 0
github.com/starfishlabs/oasis-evm-web3-gateway/rpc/eth/api.go:370.56,374.4 3 0
github.com/starfishlabs/oasis-evm-web3-gateway/rpc/eth/api.go:385.83,391.53 4 0
github.com/starfishlabs/oasis-evm-web3-gateway/rpc/eth/api.go:397.2,405.16 3 0
github.com/starfishlabs/oasis-evm-web3-gateway/rpc/eth/api.go:410.2,410.26 1 0
github.com/starfishlabs/oasis-evm-web3-gateway/rpc/eth/api.go:391.53,394.3 2 0
github.com/starfishlabs/oasis-evm-web3-gateway/rpc/eth/api.go:405.16,408.3 2 0
github.com/starfishlabs/oasis-evm-web3-gateway/rpc/eth/api.go:414.117,418.22 3 0
github.com/starfishlabs/oasis-evm-web3-gateway/rpc/eth/api.go:422.2,422.23 1 0
github.com/starfishlabs/oasis-evm-web3-gateway/rpc/eth/api.go:425.2,425.22 1 0
github.com/starfishlabs/oasis-evm-web3-gateway/rpc/eth/api.go:429.2,434.21 5 0
github.com/starfishlabs/oasis-evm-web3-gateway/rpc/eth/api.go:441.2,441.20 1 0
github.com/starfishlabs/oasis-evm-web3-gateway/rpc/eth/api.go:449.2,452.16 4 0
github.com/starfishlabs/oasis-evm-web3-gateway/rpc/eth/api.go:457.2,459.33 2 0
github.com/starfishlabs/oasis-evm-web3-gateway/rpc/eth/api.go:418.22,421.3 1 0
github.com/starfishlabs/oasis-evm-web3-gateway/rpc/eth/api.go:422.23,424.3 1 0
github.com/starfishlabs/oasis-evm-web3-gateway/rpc/eth/api.go:425.22,427.3 1 0
github.com/starfishlabs/oasis-evm-web3-gateway/rpc/eth/api.go:434.21,437.17 3 0
github.com/starfishlabs/oasis-evm-web3-gateway/rpc/eth/api.go:437.17,439.4 1 0
github.com/starfishlabs/oasis-evm-web3-gateway/rpc/eth/api.go:441.20,444.3 1 0
github.com/starfishlabs/oasis-evm-web3-gateway/rpc/eth/api.go:444.8,447.3 1 0
github.com/starfishlabs/oasis-evm-web3-gateway/rpc/eth/api.go:452.16,455.3 2 0
github.com/starfishlabs/oasis-evm-web3-gateway/rpc/eth/api.go:463.106,468.16 4 0
github.com/starfishlabs/oasis-evm-web3-gateway/rpc/eth/api.go:472.2,472.50 1 0
github.com/starfishlabs/oasis-evm-web3-gateway/rpc/eth/api.go:468.16,470.3 1 0
github.com/starfishlabs/oasis-evm-web3-gateway/rpc/eth/api.go:476.93,481.16 4 0
github.com/starfishlabs/oasis-evm-web3-gateway/rpc/eth/api.go:485.2,485.43 1 0
github.com/starfishlabs/oasis-evm-web3-gateway/rpc/eth/api.go:481.16,483.3 1 0
github.com/starfishlabs/oasis-evm-web3-gateway/rpc/eth/api.go:489.125,494.16 4 0
github.com/starfishlabs/oasis-evm-web3-gateway/rpc/eth/api.go:497.2,498.24 2 0
github.com/starfishlabs/oasis-evm-web3-gateway/rpc/eth/api.go:503.2,503.66 1 0
github.com/starfishlabs/oasis-evm-web3-gateway/rpc/eth/api.go:494.16,496.3 1 0
github.com/starfishlabs/oasis-evm-web3-gateway/rpc/eth/api.go:498.24,501.3 2 0
github.com/starfishlabs/oasis-evm-web3-gateway/rpc/eth/api.go:507.133,512.16 4 0
github.com/starfishlabs/oasis-evm-web3-gateway/rpc/eth/api.go:515.2,516.16 2 0
github.com/starfishlabs/oasis-evm-web3-gateway/rpc/eth/api.go:520.2,520.64 1 0
github.com/starfishlabs/oasis-evm-web3-gateway/rpc/eth/api.go:512.16,514.3 1 0
github.com/starfishlabs/oasis-evm-web3-gateway/rpc/eth/api.go:516.16,518.3 1 0
github.com/starfishlabs/oasis-evm-web3-gateway/rpc/eth/api.go:524.97,529.16 4 0
github.com/starfishlabs/oasis-evm-web3-gateway/rpc/eth/api.go:533.2,533.21 1 0
github.com/starfishlabs/oasis-evm-web3-gateway/rpc/eth/api.go:529.16,531.3 1 0
github.com/starfishlabs/oasis-evm-web3-gateway/rpc/eth/api.go:537.120,538.29 1 0
github.com/starfishlabs/oasis-evm-web3-gateway/rpc/eth/api.go:546.2,548.29 3 0
github.com/starfishlabs/oasis-evm-web3-gateway/rpc/eth/api.go:555.2,555.27 1 0
github.com/starfishlabs/oasis-evm-web3-gateway/rpc/eth/api.go:563.2,563.24 1 0
github.com/starfishlabs/oasis-evm-web3-gateway/rpc/eth/api.go:538.29,540.17 2 0
github.com/starfishlabs/oasis-evm-web3-gateway/rpc/eth/api.go:543.3,543.27 1 0
github.com/starfishlabs/oasis-evm-web3-gateway/rpc/eth/api.go:540.17,542.4 1 0
github.com/starfishlabs/oasis-evm-web3-gateway/rpc/eth/api.go:548.29,550.17 2 0
github.com/starfishlabs/oasis-evm-web3-gateway/rpc/eth/api.go:553.3,553.16 1 0
github.com/starfishlabs/oasis-evm-web3-gateway/rpc/eth/api.go:550.17,552.4 1 0
github.com/starfishlabs/oasis-evm-web3-gateway/rpc/eth/api.go:555.27,557.17 2 0
github.com/starfishlabs/oasis-evm-web3-gateway/rpc/eth/api.go:560.3,560.14 1 0
github.com/starfishlabs/oasis-evm-web3-gateway/rpc/eth/api.go:557.17,559.4 1 0
github.com/starfishlabs/oasis-evm-web3-gateway/rpc/eth/api.go:567.87,572.16 4 0
github.com/starfishlabs/oasis-evm-web3-gateway/rpc/eth/api.go:576.2,576.45 1 0
github.com/starfishlabs/oasis-evm-web3-gateway/rpc/eth/api.go:580.2,580.109 1 0
github.com/starfishlabs/oasis-evm-web3-gateway/rpc/eth/api.go:586.2,588.16 3 0
github.com/starfishlabs/oasis-evm-web3-gateway/rpc/eth/api.go:592.2,596.21 3 0
github.com/starfishlabs/oasis-evm-web3-gateway/rpc/eth/api.go:572.16,574.3 1 0
github.com/starfishlabs/oasis-evm-web3-gateway/rpc/eth/api.go:576.45,578.3 1 0
github.com/starfishlabs/oasis-evm-web3-gateway/rpc/eth/api.go:580.109,582.3 1 0
github.com/starfishlabs/oasis-evm-web3-gateway/rpc/eth/api.go:588.16,591.3 2 0
github.com/starfishlabs/oasis-evm-web3-gateway/rpc/eth/api.go:600.94,605.16 4 0
github.com/starfishlabs/oasis-evm-web3-gateway/rpc/eth/api.go:608.2,608.42 1 0
github.com/starfishlabs/oasis-evm-web3-gateway/rpc/eth/api.go:605.16,607.3 1 0
github.com/starfishlabs/oasis-evm-web3-gateway/rpc/eth/api.go:612.61,617.16 4 0
github.com/starfishlabs/oasis-evm-web3-gateway/rpc/eth/api.go:622.2,624.41 2 0
github.com/starfishlabs/oasis-evm-web3-gateway/rpc/eth/api.go:617.16,620.3 2 0
github.com/starfishlabs/oasis-evm-web3-gateway/rpc/eth/api.go:628.60,634.2 4 0
github.com/starfishlabs/oasis-evm-web3-gateway/rpc/eth/api.go:637.37,641.2 3 0
github.com/starfishlabs/oasis-evm-web3-gateway/rpc/eth/api.go:644.49,648.2 3 0
github.com/starfishlabs/oasis-evm-web3-gateway/tests/rpc/utils.go:70.20,73.59 2 1
github.com/starfishlabs/oasis-evm-web3-gateway/tests/rpc/utils.go:78.2,79.16 2 1
github.com/starfishlabs/oasis-evm-web3-gateway/tests/rpc/utils.go:84.2,85.75 2 1
github.com/starfishlabs/oasis-evm-web3-gateway/tests/rpc/utils.go:90.2,92.16 3 1
github.com/starfishlabs/oasis-evm-web3-gateway/tests/rpc/utils.go:98.2,98.86 1 1
github.com/starfishlabs/oasis-evm-web3-gateway/tests/rpc/utils.go:101.2,101.86 1 1
github.com/starfishlabs/oasis-evm-web3-gateway/tests/rpc/utils.go:104.2,104.86 1 1
github.com/starfishlabs/oasis-evm-web3-gateway/tests/rpc/utils.go:109.2,111.16 3 1
github.com/starfishlabs/oasis-evm-web3-gateway/tests/rpc/utils.go:116.2,118.16 3 1
github.com/starfishlabs/oasis-evm-web3-gateway/tests/rpc/utils.go:121.2,128.16 4 1
github.com/starfishlabs/oasis-evm-web3-gateway/tests/rpc/utils.go:132.2,135.34 3 1
github.com/starfishlabs/oasis-evm-web3-gateway/tests/rpc/utils.go:139.2,139.12 1 1
github.com/starfishlabs/oasis-evm-web3-gateway/tests/rpc/utils.go:73.59,75.3 1 0
github.com/starfishlabs/oasis-evm-web3-gateway/tests/rpc/utils.go:79.16,81.3 1 0
github.com/starfishlabs/oasis-evm-web3-gateway/tests/rpc/utils.go:85.75,87.3 1 0
github.com/starfishlabs/oasis-evm-web3-gateway/tests/rpc/utils.go:92.16,95.3 2 0
github.com/starfishlabs/oasis-evm-web3-gateway/tests/rpc/utils.go:98.86,100.3 1 0
github.com/starfishlabs/oasis-evm-web3-gateway/tests/rpc/utils.go:101.86,103.3 1 0
github.com/starfishlabs/oasis-evm-web3-gateway/tests/rpc/utils.go:104.86,106.3 1 0
github.com/starfishlabs/oasis-evm-web3-gateway/tests/rpc/utils.go:111.16,113.3 1 0
github.com/starfishlabs/oasis-evm-web3-gateway/tests/rpc/utils.go:118.16,120.3 1 0
github.com/starfishlabs/oasis-evm-web3-gateway/tests/rpc/utils.go:128.16,130.3 1 0
github.com/starfishlabs/oasis-evm-web3-gateway/tests/rpc/utils.go:135.34,138.3 2 0
github.com/starfishlabs/oasis-evm-web3-gateway/tests/rpc/utils.go:142.139,143.6 1 3
github.com/starfishlabs/oasis-evm-web3-gateway/tests/rpc/utils.go:143.6,144.10 1 9
github.com/starfishlabs/oasis-evm-web3-gateway/tests/rpc/utils.go:145.20,146.34 1 9
github.com/starfishlabs/oasis-evm-web3-gateway/tests/rpc/utils.go:172.40,173.50 1 0
github.com/starfishlabs/oasis-evm-web3-gateway/tests/rpc/utils.go:146.34,148.12 2 5
github.com/starfishlabs/oasis-evm-web3-gateway/tests/rpc/utils.go:151.5,151.26 1 5
github.com/starfishlabs/oasis-evm-web3-gateway/tests/rpc/utils.go:154.5,154.37 1 5
github.com/starfishlabs/oasis-evm-web3-gateway/tests/rpc/utils.go:157.5,157.34 1 5
github.com/starfishlabs/oasis-evm-web3-gateway/tests/rpc/utils.go:160.5,160.33 1 3
github.com/starfishlabs/oasis-evm-web3-gateway/tests/rpc/utils.go:163.5,163.58 1 3
github.com/starfishlabs/oasis-evm-web3-gateway/tests/rpc/utils.go:166.5,166.62 1 3
github.com/starfishlabs/oasis-evm-web3-gateway/tests/rpc/utils.go:169.5,169.15 1 3
github.com/starfishlabs/oasis-evm-web3-gateway/tests/rpc/utils.go:148.12,149.14 1 0
github.com/starfishlabs/oasis-evm-web3-gateway/tests/rpc/utils.go:151.26,152.14 1 0
github.com/starfishlabs/oasis-evm-web3-gateway/tests/rpc/utils.go:154.37,155.14 1 0
github.com/starfishlabs/oasis-evm-web3-gateway/tests/rpc/utils.go:157.34,158.14 1 2
github.com/starfishlabs/oasis-evm-web3-gateway/tests/rpc/utils.go:160.33,161.14 1 0
github.com/starfishlabs/oasis-evm-web3-gateway/tests/rpc/utils.go:163.58,164.14 1 0
github.com/starfishlabs/oasis-evm-web3-gateway/tests/rpc/utils.go:166.62,167.14 1 0
github.com/starfishlabs/oasis-evm-web3-gateway/tests/rpc/utils.go:178.85,179.17 1 3
github.com/starfishlabs/oasis-evm-web3-gateway/tests/rpc/utils.go:182.2,182.15 1 3
github.com/starfishlabs/oasis-evm-web3-gateway/tests/rpc/utils.go:186.2,201.16 11 3
github.com/starfishlabs/oasis-evm-web3-gateway/tests/rpc/utils.go:206.2,208.16 3 3
github.com/starfishlabs/oasis-evm-web3-gateway/tests/rpc/utils.go:211.2,218.16 4 3
github.com/starfishlabs/oasis-evm-web3-gateway/tests/rpc/utils.go:222.2,226.70 3 3
github.com/starfishlabs/oasis-evm-web3-gateway/tests/rpc/utils.go:230.2,232.16 3 3
github.com/starfishlabs/oasis-evm-web3-gateway/tests/rpc/utils.go:237.2,237.72 1 3
github.com/starfishlabs/oasis-evm-web3-gateway/tests/rpc/utils.go:241.2,241.92 1 3
github.com/starfishlabs/oasis-evm-web3-gateway/tests/rpc/utils.go:245.2,247.12 2 3
github.com/starfishlabs/oasis-evm-web3-gateway/tests/rpc/utils.go:179.17,181.3 1 0
github.com/starfishlabs/oasis-evm-web3-gateway/tests/rpc/utils.go:182.15,184.3 1 0
github.com/starfishlabs/oasis-evm-web3-gateway/tests/rpc/utils.go:201.16,203.3 1 0
github.com/starfishlabs/oasis-evm-web3-gateway/tests/rpc/utils.go:208.16,210.3 1 0
github.com/starfishlabs/oasis-evm-web3-gateway/tests/rpc/utils.go:218.16,220.3 1 0
github.com/starfishlabs/oasis-evm-web3-gateway/tests/rpc/utils.go:226.70,228.3 1 0
github.com/starfishlabs/oasis-evm-web3-gateway/tests/rpc/utils.go:232.16,234.3 1 0
github.com/starfishlabs/oasis-evm-web3-gateway/tests/rpc/utils.go:237.72,239.3 1 0
github.com/starfishlabs/oasis-evm-web3-gateway/tests/rpc/utils.go:241.92,243.3 1 0
github.com/starfishlabs/oasis-evm-web3-gateway/tests/rpc/utils.go:251.23,252.83 1 0
github.com/starfishlabs/oasis-evm-web3-gateway/tests/rpc/utils.go:256.2,256.19 1 0
github.com/starfishlabs/oasis-evm-web3-gateway/tests/rpc/utils.go:252.83,254.3 1 0
github.com/starfishlabs/oasis-evm-web3-gateway/tests/rpc/utils.go:259.35,261.16 2 0
github.com/starfishlabs/oasis-evm-web3-gateway/tests/rpc/utils.go:265.2,267.16 3 0
github.com/starfishlabs/oasis-evm-web3-gateway/tests/rpc/utils.go:271.2,271.20 1 0
github.com/starfishlabs/oasis-evm-web3-gateway/tests/rpc/utils.go:261.16,263.3 1 0
github.com/starfishlabs/oasis-evm-web3-gateway/tests/rpc/utils.go:267.16,269.3 1 0
github.com/starfishlabs/oasis-evm-web3-gateway/tests/rpc/utils.go:274.63,281.2 1 1
github.com/starfishlabs/oasis-evm-web3-gateway/tests/rpc/utils.go:283.70,293.16 8 1
github.com/starfishlabs/oasis-evm-web3-gateway/tests/rpc/utils.go:297.2,300.16 4 1
github.com/starfishlabs/oasis-evm-web3-gateway/tests/rpc/utils.go:304.2,313.15 8 1
github.com/starfishlabs/oasis-evm-web3-gateway/tests/rpc/utils.go:293.16,295.3 1 0
github.com/starfishlabs/oasis-evm-web3-gateway/tests/rpc/utils.go:300.16,302.3 1 0
github.com/starfishlabs/oasis-evm-web3-gateway/tests/rpc/utils.go:316.74,318.16 2 0
github.com/starfishlabs/oasis-evm-web3-gateway/tests/rpc/utils.go:322.2,326.16 4 0
github.com/starfishlabs/oasis-evm-web3-gateway/tests/rpc/utils.go:329.2,330.16 2 0
github.com/starfishlabs/oasis-evm-web3-gateway/tests/rpc/utils.go:334.2,337.16 4 0
github.com/starfishlabs/oasis-evm-web3-gateway/tests/rpc/utils.go:341.2,344.16 4 0
github.com/starfishlabs/oasis-evm-web3-gateway/tests/rpc/utils.go:348.2,349.16 2 0
github.com/starfishlabs/oasis-evm-web3-gateway/tests/rpc/utils.go:353.2,353.25 1 0
github.com/starfishlabs/oasis-evm-web3-gateway/tests/rpc/utils.go:357.2,357.20 1 0
github.com/starfishlabs/oasis-evm-web3-gateway/tests/rpc/utils.go:318.16,320.3 1 0
github.com/starfishlabs/oasis-evm-web3-gateway/tests/rpc/utils.go:326.16,328.3 1 0
github.com/starfishlabs/oasis-evm-web3-gateway/tests/rpc/utils.go:330.16,332.3 1 0
github.com/starfishlabs/oasis-evm-web3-gateway/tests/rpc/utils.go:337.16,339.3 1 0
github.com/starfishlabs/oasis-evm-web3-gateway/tests/rpc/utils.go:344.16,346.3 1 0
github.com/starfishlabs/oasis-evm-web3-gateway/tests/rpc/utils.go:349.16,351.3 1 0
github.com/starfishlabs/oasis-evm-web3-gateway/tests/rpc/utils.go:353.25,355.3 1 0
github.com/starfishlabs/oasis-evm-web3-gateway/tests/rpc/utils.go:361.52,366.2 4 0
github.com/starfishlabs/oasis-evm-web3-gateway/tests/rpc/utils.go:369.67,386.2 13 0
github.com/starfishlabs/oasis-evm-web3-gateway/tests/rpc/utils.go:389.92,411.2 16 0
github.com/starfishlabs/oasis-evm-web3-gateway/tests/rpc/utils.go:413.78,454.2 16 0
github.com/starfishlabs/oasis-evm-web3-gateway/tests/rpc/utils.go:456.85,465.2 6 0
github.com/starfishlabs/oasis-evm-web3-gateway/tests/rpc/utils.go:467.78,468.26 1 0
github.com/starfishlabs/oasis-evm-web3-gateway/tests/rpc/utils.go:477.2,477.12 1 0
github.com/starfishlabs/oasis-evm-web3-gateway/tests/rpc/utils.go:468.26,470.21 2 0
github.com/starfishlabs/oasis-evm-web3-gateway/tests/rpc/utils.go:474.3,474.26 1 0
github.com/starfishlabs/oasis-evm-web3-gateway/tests/rpc/utils.go:470.21,472.4 1 0
github.com/starfishlabs/oasis-evm-web3-gateway/tests/rpc/utils.go:480.58,491.2 8 0
github.com/starfishlabs/oasis-evm-web3-gateway/tests/rpc/utils.go:493.38,499.29 5 0
github.com/starfishlabs/oasis-evm-web3-gateway/tests/rpc/utils.go:499.29,506.3 6 0
